<?xml version="1.0" encoding="UTF-8"?>
<TestRun id="1b970b3f-19c6-4d6a-b2c2-1120a5923f54" name="Joe@JOE-PDC 2010-07-12 15:42:21" runUser="Joe-PDC\Joe" xmlns="http://microsoft.com/schemas/VisualStudio/TeamTest/2010">
  <TestSettings name="Local" id="7657ee9f-6b13-4592-87be-03ca8606b8d6">
    <Description>These are default test settings for a local test run.</Description>
    <Deployment enabled="false" runDeploymentRoot="Joe_JOE-PDC 2010-07-12 15_42_21" />
    <Execution>
      <TestTypeSpecific />
      <AgentRule name="Execution Agents">
      </AgentRule>
    </Execution>
  </TestSettings>
  <Times creation="2010-07-12T15:42:21.1939018-05:00" queuing="2010-07-12T15:42:21.2789066-05:00" start="2010-07-12T15:42:21.3289095-05:00" finish="2010-07-12T15:42:22.4249722-05:00" />
  <ResultSummary outcome="Completed">
    <Counters total="8" executed="8" passed="8" error="0" failed="0" timeout="0" aborted="0" inconclusive="0" passedButRunAborted="0" notRunnable="0" notExecuted="0" disconnected="0" warning="0" completed="0" inProgress="0" pending="0" />
  </ResultSummary>
  <TestDefinitions>
    <UnitTest name="YouTube_URIRegEx_Test" storage="c:\projects\projects\seesmic videopreview plugin\biggert.seesmic.videopreview\unittests\bin\debug\unittests.dll" id="8fac5282-02b1-eb62-9222-d3d8be394697">
      <Execution id="c3758352-e8bf-4efb-9c19-d6f6cb24e3f1" />
      <TestMethod codeBase="C:/Projects/Projects/Seesmic VideoPreview Plugin/Biggert.Seesmic.VideoPreview/UnitTests/bin/Debug/UnitTests.DLL" adapterTypeName="Microsoft.VisualStudio.TestTools.TestTypes.Unit.UnitTestAdapter, Microsoft.VisualStudio.QualityTools.Tips.UnitTest.Adapter, Version=10.0.0.0, Culture=neutral, PublicKeyToken=b03f5f7f11d50a3a" className="UnitTests.UnitTest1, UnitTests, Version=1.0.0.0, Culture=neutral, PublicKeyToken=null" name="YouTube_URIRegEx_Test" />
    </UnitTest>
    <UnitTest name="TwitvidWWW_URIRegEx_Test" storage="c:\projects\projects\seesmic videopreview plugin\biggert.seesmic.videopreview\unittests\bin\debug\unittests.dll" id="ea431294-afd9-9007-19f1-6d13e349bf5b">
      <Execution id="23724d64-7a16-4644-81fb-39586636f842" />
      <TestMethod codeBase="C:/Projects/Projects/Seesmic VideoPreview Plugin/Biggert.Seesmic.VideoPreview/UnitTests/bin/Debug/UnitTests.DLL" adapterTypeName="Microsoft.VisualStudio.TestTools.TestTypes.Unit.UnitTestAdapter, Microsoft.VisualStudio.QualityTools.Tips.UnitTest.Adapter, Version=10.0.0.0, Culture=neutral, PublicKeyToken=b03f5f7f11d50a3a" className="UnitTests.UnitTest1, UnitTests, Version=1.0.0.0, Culture=neutral, PublicKeyToken=null" name="TwitvidWWW_URIRegEx_Test" />
    </UnitTest>
    <UnitTest name="YouTubeShort_URIRegEx_Test" storage="c:\projects\projects\seesmic videopreview plugin\biggert.seesmic.videopreview\unittests\bin\debug\unittests.dll" id="926bd3c9-c333-187c-c2a8-a597e1867e90">
      <Execution id="9849e174-2a4d-4b1c-b0ed-1929375c9bc9" />
      <TestMethod codeBase="C:/Projects/Projects/Seesmic VideoPreview Plugin/Biggert.Seesmic.VideoPreview/UnitTests/bin/Debug/UnitTests.DLL" adapterTypeName="Microsoft.VisualStudio.TestTools.TestTypes.Unit.UnitTestAdapter, Microsoft.VisualStudio.QualityTools.Tips.UnitTest.Adapter, Version=10.0.0.0, Culture=neutral, PublicKeyToken=b03f5f7f11d50a3a" className="UnitTests.UnitTest1, UnitTests, Version=1.0.0.0, Culture=neutral, PublicKeyToken=null" name="YouTubeShort_URIRegEx_Test" />
    </UnitTest>
    <UnitTest name="TwitVidWWW_VidID_Test" storage="c:\projects\projects\seesmic videopreview plugin\biggert.seesmic.videopreview\unittests\bin\debug\unittests.dll" id="cc19f64f-361f-74de-7dbe-e44b5dc86c9e">
      <Execution id="66857671-4c4e-4668-a24b-a30c47360349" />
      <TestMethod codeBase="C:/Projects/Projects/Seesmic VideoPreview Plugin/Biggert.Seesmic.VideoPreview/UnitTests/bin/Debug/UnitTests.DLL" adapterTypeName="Microsoft.VisualStudio.TestTools.TestTypes.Unit.UnitTestAdapter, Microsoft.VisualStudio.QualityTools.Tips.UnitTest.Adapter, Version=10.0.0.0, Culture=neutral, PublicKeyToken=b03f5f7f11d50a3a" className="UnitTests.UnitTest1, UnitTests, Version=1.0.0.0, Culture=neutral, PublicKeyToken=null" name="TwitVidWWW_VidID_Test" />
    </UnitTest>
    <UnitTest name="YouTubeshort_VidID_Test" storage="c:\projects\projects\seesmic videopreview plugin\biggert.seesmic.videopreview\unittests\bin\debug\unittests.dll" id="3133f1ed-74d7-9ef7-c7a0-7dde16055a41">
      <Execution id="12f9552b-351b-41a9-bacc-5c95f10c9720" />
      <TestMethod codeBase="C:/Projects/Projects/Seesmic VideoPreview Plugin/Biggert.Seesmic.VideoPreview/UnitTests/bin/Debug/UnitTests.DLL" adapterTypeName="Microsoft.VisualStudio.TestTools.TestTypes.Unit.UnitTestAdapter, Microsoft.VisualStudio.QualityTools.Tips.UnitTest.Adapter, Version=10.0.0.0, Culture=neutral, PublicKeyToken=b03f5f7f11d50a3a" className="UnitTests.UnitTest1, UnitTests, Version=1.0.0.0, Culture=neutral, PublicKeyToken=null" name="YouTubeshort_VidID_Test" />
    </UnitTest>
    <UnitTest name="YouTube_VidID_Test" storage="c:\projects\projects\seesmic videopreview plugin\biggert.seesmic.videopreview\unittests\bin\debug\unittests.dll" id="462e535a-5f76-3cf4-c0dc-ccc7dbd9155a">
      <Execution id="be4ba368-98c6-4661-b928-fa395fe39e29" />
      <TestMethod codeBase="C:/Projects/Projects/Seesmic VideoPreview Plugin/Biggert.Seesmic.VideoPreview/UnitTests/bin/Debug/UnitTests.DLL" adapterTypeName="Microsoft.VisualStudio.TestTools.TestTypes.Unit.UnitTestAdapter, Microsoft.VisualStudio.QualityTools.Tips.UnitTest.Adapter, Version=10.0.0.0, Culture=neutral, PublicKeyToken=b03f5f7f11d50a3a" className="UnitTests.UnitTest1, UnitTests, Version=1.0.0.0, Culture=neutral, PublicKeyToken=null" name="YouTube_VidID_Test" />
    </UnitTest>
    <UnitTest name="Twitvid_URIRegEx_Test" storage="c:\projects\projects\seesmic videopreview plugin\biggert.seesmic.videopreview\unittests\bin\debug\unittests.dll" id="08b0a395-843e-7b08-5906-4b09506806ad">
      <Execution id="8f3f883f-775a-4e4d-a728-689ea37a5f54" />
      <TestMethod codeBase="C:/Projects/Projects/Seesmic VideoPreview Plugin/Biggert.Seesmic.VideoPreview/UnitTests/bin/Debug/UnitTests.DLL" adapterTypeName="Microsoft.VisualStudio.TestTools.TestTypes.Unit.UnitTestAdapter, Microsoft.VisualStudio.QualityTools.Tips.UnitTest.Adapter, Version=10.0.0.0, Culture=neutral, PublicKeyToken=b03f5f7f11d50a3a" className="UnitTests.UnitTest1, UnitTests, Version=1.0.0.0, Culture=neutral, PublicKeyToken=null" name="Twitvid_URIRegEx_Test" />
    </UnitTest>
    <UnitTest name="TwitVid_VidID_Test" storage="c:\projects\projects\seesmic videopreview plugin\biggert.seesmic.videopreview\unittests\bin\debug\unittests.dll" id="43d590c9-79f8-1bb3-bb25-658017893025">
      <Execution id="c660bd6e-2acd-4125-9255-869d136b96ce" />
      <TestMethod codeBase="C:/Projects/Projects/Seesmic VideoPreview Plugin/Biggert.Seesmic.VideoPreview/UnitTests/bin/Debug/UnitTests.DLL" adapterTypeName="Microsoft.VisualStudio.TestTools.TestTypes.Unit.UnitTestAdapter, Microsoft.VisualStudio.QualityTools.Tips.UnitTest.Adapter, Version=10.0.0.0, Culture=neutral, PublicKeyToken=b03f5f7f11d50a3a" className="UnitTests.UnitTest1, UnitTests, Version=1.0.0.0, Culture=neutral, PublicKeyToken=null" name="TwitVid_VidID_Test" />
    </UnitTest>
  </TestDefinitions>
  <TestLists>
    <TestList name="Results Not in a List" id="8c84fa94-04c1-424b-9868-57a2d4851a1d" />
    <TestList name="All Loaded Results" id="19431567-8539-422a-85d7-44ee4e166bda" />
  </TestLists>
  <TestEntries>
    <TestEntry testId="08b0a395-843e-7b08-5906-4b09506806ad" executionId="8f3f883f-775a-4e4d-a728-689ea37a5f54" testListId="8c84fa94-04c1-424b-9868-57a2d4851a1d" />
    <TestEntry testId="3133f1ed-74d7-9ef7-c7a0-7dde16055a41" executionId="12f9552b-351b-41a9-bacc-5c95f10c9720" testListId="8c84fa94-04c1-424b-9868-57a2d4851a1d" />
    <TestEntry testId="43d590c9-79f8-1bb3-bb25-658017893025" executionId="c660bd6e-2acd-4125-9255-869d136b96ce" testListId="8c84fa94-04c1-424b-9868-57a2d4851a1d" />
    <TestEntry testId="462e535a-5f76-3cf4-c0dc-ccc7dbd9155a" executionId="be4ba368-98c6-4661-b928-fa395fe39e29" testListId="8c84fa94-04c1-424b-9868-57a2d4851a1d" />
    <TestEntry testId="8fac5282-02b1-eb62-9222-d3d8be394697" executionId="c3758352-e8bf-4efb-9c19-d6f6cb24e3f1" testListId="8c84fa94-04c1-424b-9868-57a2d4851a1d" />
    <TestEntry testId="926bd3c9-c333-187c-c2a8-a597e1867e90" executionId="9849e174-2a4d-4b1c-b0ed-1929375c9bc9" testListId="8c84fa94-04c1-424b-9868-57a2d4851a1d" />
    <TestEntry testId="cc19f64f-361f-74de-7dbe-e44b5dc86c9e" executionId="66857671-4c4e-4668-a24b-a30c47360349" testListId="8c84fa94-04c1-424b-9868-57a2d4851a1d" />
    <TestEntry testId="ea431294-afd9-9007-19f1-6d13e349bf5b" executionId="23724d64-7a16-4644-81fb-39586636f842" testListId="8c84fa94-04c1-424b-9868-57a2d4851a1d" />
  </TestEntries>
  <Results>
    <UnitTestResult executionId="8f3f883f-775a-4e4d-a728-689ea37a5f54" testId="08b0a395-843e-7b08-5906-4b09506806ad" testName="Twitvid_URIRegEx_Test" computerName="JOE-PDC" duration="00:00:00.0310449" startTime="2010-07-12T15:42:21.3489106-05:00" endTime="2010-07-12T15:42:22.0069483-05:00" testType="13cdc9d9-ddb5-4fa4-a97d-d965ccfc6d4b" outcome="Passed" testListId="8c84fa94-04c1-424b-9868-57a2d4851a1d" relativeResultsDirectory="8f3f883f-775a-4e4d-a728-689ea37a5f54">
    </UnitTestResult>
    <UnitTestResult executionId="12f9552b-351b-41a9-bacc-5c95f10c9720" testId="3133f1ed-74d7-9ef7-c7a0-7dde16055a41" testName="YouTubeshort_VidID_Test" computerName="JOE-PDC" duration="00:00:00.0121584" startTime="2010-07-12T15:42:22.0149487-05:00" endTime="2010-07-12T15:42:22.0509508-05:00" testType="13cdc9d9-ddb5-4fa4-a97d-d965ccfc6d4b" outcome="Passed" testListId="8c84fa94-04c1-424b-9868-57a2d4851a1d" relativeResultsDirectory="12f9552b-351b-41a9-bacc-5c95f10c9720">
    </UnitTestResult>
    <UnitTestResult executionId="c660bd6e-2acd-4125-9255-869d136b96ce" testId="43d590c9-79f8-1bb3-bb25-658017893025" testName="TwitVid_VidID_Test" computerName="JOE-PDC" duration="00:00:00.0084081" startTime="2010-07-12T15:42:22.0969534-05:00" endTime="2010-07-12T15:42:22.1329555-05:00" testType="13cdc9d9-ddb5-4fa4-a97d-d965ccfc6d4b" outcome="Passed" testListId="8c84fa94-04c1-424b-9868-57a2d4851a1d" relativeResultsDirectory="c660bd6e-2acd-4125-9255-869d136b96ce">
    </UnitTestResult>
    <UnitTestResult executionId="be4ba368-98c6-4661-b928-fa395fe39e29" testId="462e535a-5f76-3cf4-c0dc-ccc7dbd9155a" testName="YouTube_VidID_Test" computerName="JOE-PDC" duration="00:00:00.0010282" startTime="2010-07-12T15:42:22.1629572-05:00" endTime="2010-07-12T15:42:22.1919588-05:00" testType="13cdc9d9-ddb5-4fa4-a97d-d965ccfc6d4b" outcome="Passed" testListId="8c84fa94-04c1-424b-9868-57a2d4851a1d" relativeResultsDirectory="be4ba368-98c6-4661-b928-fa395fe39e29">
    </UnitTestResult>
    <UnitTestResult executionId="c3758352-e8bf-4efb-9c19-d6f6cb24e3f1" testId="8fac5282-02b1-eb62-9222-d3d8be394697" testName="YouTube_URIRegEx_Test" computerName="JOE-PDC" duration="00:00:00.0182354" startTime="2010-07-12T15:42:22.1989592-05:00" endTime="2010-07-12T15:42:22.2309611-05:00" testType="13cdc9d9-ddb5-4fa4-a97d-d965ccfc6d4b" outcome="Passed" testListId="8c84fa94-04c1-424b-9868-57a2d4851a1d" relativeResultsDirectory="c3758352-e8bf-4efb-9c19-d6f6cb24e3f1">
    </UnitTestResult>
    <UnitTestResult executionId="9849e174-2a4d-4b1c-b0ed-1929375c9bc9" testId="926bd3c9-c333-187c-c2a8-a597e1867e90" testName="YouTubeShort_URIRegEx_Test" computerName="JOE-PDC" duration="00:00:00.0006860" startTime="2010-07-12T15:42:22.2509622-05:00" endTime="2010-07-12T15:42:22.2719634-05:00" testType="13cdc9d9-ddb5-4fa4-a97d-d965ccfc6d4b" outcome="Passed" testListId="8c84fa94-04c1-424b-9868-57a2d4851a1d" relativeResultsDirectory="9849e174-2a4d-4b1c-b0ed-1929375c9bc9">
    </UnitTestResult>
    <UnitTestResult executionId="66857671-4c4e-4668-a24b-a30c47360349" testId="cc19f64f-361f-74de-7dbe-e44b5dc86c9e" testName="TwitVidWWW_VidID_Test" computerName="JOE-PDC" duration="00:00:00.0021591" startTime="2010-07-12T15:42:22.3129658-05:00" endTime="2010-07-12T15:42:22.3369671-05:00" testType="13cdc9d9-ddb5-4fa4-a97d-d965ccfc6d4b" outcome="Passed" testListId="8c84fa94-04c1-424b-9868-57a2d4851a1d" relativeResultsDirectory="66857671-4c4e-4668-a24b-a30c47360349">
    </UnitTestResult>
    <UnitTestResult executionId="23724d64-7a16-4644-81fb-39586636f842" testId="ea431294-afd9-9007-19f1-6d13e349bf5b" testName="TwitvidWWW_URIRegEx_Test" computerName="JOE-PDC" duration="00:00:00.0114723" startTime="2010-07-12T15:42:22.3489678-05:00" endTime="2010-07-12T15:42:22.3779695-05:00" testType="13cdc9d9-ddb5-4fa4-a97d-d965ccfc6d4b" outcome="Passed" testListId="8c84fa94-04c1-424b-9868-57a2d4851a1d" relativeResultsDirectory="23724d64-7a16-4644-81fb-39586636f842">
    </UnitTestResult>
  </Results>
</TestRun>