<?xml version="1.0" encoding="UTF-8"?>
<TestRun id="e1f1bade-4963-4e21-a0c3-d531c793e0d2" name="Joe@JOE-PDC 2010-07-12 15:36:52" runUser="Joe-PDC\Joe" xmlns="http://microsoft.com/schemas/VisualStudio/TeamTest/2010">
  <TestSettings name="Local" id="7657ee9f-6b13-4592-87be-03ca8606b8d6">
    <Description>These are default test settings for a local test run.</Description>
    <Deployment enabled="false" runDeploymentRoot="Joe_JOE-PDC 2010-07-12 15_36_52" />
    <Execution>
      <TestTypeSpecific />
      <AgentRule name="Execution Agents">
      </AgentRule>
    </Execution>
  </TestSettings>
  <Times creation="2010-07-12T15:36:52.7851179-05:00" queuing="2010-07-12T15:36:56.7503446-05:00" start="2010-07-12T15:36:57.3863810-05:00" finish="2010-07-12T15:36:58.5304465-05:00" />
  <ResultSummary outcome="Error">
    <Counters total="8" executed="1" error="0" failed="0" timeout="0" aborted="1" inconclusive="0" passedButRunAborted="0" notRunnable="0" notExecuted="7" disconnected="0" warning="0" passed="0" completed="0" inProgress="0" pending="0" />
    <RunInfos>
      <RunInfo computerName="JOE-PDC" outcome="Error" timestamp="2010-07-12T15:36:58.5264462-05:00">
        <Text>Test host process exited unexpectedly.</Text>
      </RunInfo>
    </RunInfos>
  </ResultSummary>
  <TestDefinitions>
    <UnitTest name="YouTube_URIRegEx_Test" storage="c:\projects\projects\seesmic videopreview plugin\biggert.seesmic.videopreview\unittests\bin\debug\unittests.dll" id="8fac5282-02b1-eb62-9222-d3d8be394697">
      <Execution id="4f087dd2-0353-45f4-a7f6-06ba9ec4585c" />
      <TestMethod codeBase="C:/Projects/Projects/Seesmic VideoPreview Plugin/Biggert.Seesmic.VideoPreview/UnitTests/bin/Debug/UnitTests.DLL" adapterTypeName="Microsoft.VisualStudio.TestTools.TestTypes.Unit.UnitTestAdapter, Microsoft.VisualStudio.QualityTools.Tips.UnitTest.Adapter, Version=10.0.0.0, Culture=neutral, PublicKeyToken=b03f5f7f11d50a3a" className="UnitTests.UnitTest1, UnitTests, Version=1.0.0.0, Culture=neutral, PublicKeyToken=null" name="YouTube_URIRegEx_Test" />
    </UnitTest>
    <UnitTest name="TwitvidWWW_URIRegEx_Test" storage="c:\projects\projects\seesmic videopreview plugin\biggert.seesmic.videopreview\unittests\bin\debug\unittests.dll" id="ea431294-afd9-9007-19f1-6d13e349bf5b">
      <Execution id="c4d83bd1-f61c-480e-af60-e3acbedb570b" />
      <TestMethod codeBase="C:/Projects/Projects/Seesmic VideoPreview Plugin/Biggert.Seesmic.VideoPreview/UnitTests/bin/Debug/UnitTests.DLL" adapterTypeName="Microsoft.VisualStudio.TestTools.TestTypes.Unit.UnitTestAdapter, Microsoft.VisualStudio.QualityTools.Tips.UnitTest.Adapter, Version=10.0.0.0, Culture=neutral, PublicKeyToken=b03f5f7f11d50a3a" className="UnitTests.UnitTest1, UnitTests, Version=1.0.0.0, Culture=neutral, PublicKeyToken=null" name="TwitvidWWW_URIRegEx_Test" />
    </UnitTest>
    <UnitTest name="YouTubeShort_URIRegEx_Test" storage="c:\projects\projects\seesmic videopreview plugin\biggert.seesmic.videopreview\unittests\bin\debug\unittests.dll" id="926bd3c9-c333-187c-c2a8-a597e1867e90">
      <Execution id="695de5dd-13b2-4f96-886d-bf52623cf18f" />
      <TestMethod codeBase="C:/Projects/Projects/Seesmic VideoPreview Plugin/Biggert.Seesmic.VideoPreview/UnitTests/bin/Debug/UnitTests.DLL" adapterTypeName="Microsoft.VisualStudio.TestTools.TestTypes.Unit.UnitTestAdapter, Microsoft.VisualStudio.QualityTools.Tips.UnitTest.Adapter, Version=10.0.0.0, Culture=neutral, PublicKeyToken=b03f5f7f11d50a3a" className="UnitTests.UnitTest1, UnitTests, Version=1.0.0.0, Culture=neutral, PublicKeyToken=null" name="YouTubeShort_URIRegEx_Test" />
    </UnitTest>
    <UnitTest name="TwitVidWWW_VidID_Test" storage="c:\projects\projects\seesmic videopreview plugin\biggert.seesmic.videopreview\unittests\bin\debug\unittests.dll" id="cc19f64f-361f-74de-7dbe-e44b5dc86c9e">
      <Execution id="45b923fe-c9cb-4081-a63e-b91c027898ae" />
      <TestMethod codeBase="C:/Projects/Projects/Seesmic VideoPreview Plugin/Biggert.Seesmic.VideoPreview/UnitTests/bin/Debug/UnitTests.DLL" adapterTypeName="Microsoft.VisualStudio.TestTools.TestTypes.Unit.UnitTestAdapter, Microsoft.VisualStudio.QualityTools.Tips.UnitTest.Adapter, Version=10.0.0.0, Culture=neutral, PublicKeyToken=b03f5f7f11d50a3a" className="UnitTests.UnitTest1, UnitTests, Version=1.0.0.0, Culture=neutral, PublicKeyToken=null" name="TwitVidWWW_VidID_Test" />
    </UnitTest>
    <UnitTest name="YouTubeshort_VidID_Test" storage="c:\projects\projects\seesmic videopreview plugin\biggert.seesmic.videopreview\unittests\bin\debug\unittests.dll" id="3133f1ed-74d7-9ef7-c7a0-7dde16055a41">
      <Execution id="86a2f0b2-8f79-451a-b610-f2c9744b7fb7" />
      <TestMethod codeBase="C:/Projects/Projects/Seesmic VideoPreview Plugin/Biggert.Seesmic.VideoPreview/UnitTests/bin/Debug/UnitTests.DLL" adapterTypeName="Microsoft.VisualStudio.TestTools.TestTypes.Unit.UnitTestAdapter, Microsoft.VisualStudio.QualityTools.Tips.UnitTest.Adapter, Version=10.0.0.0, Culture=neutral, PublicKeyToken=b03f5f7f11d50a3a" className="UnitTests.UnitTest1, UnitTests, Version=1.0.0.0, Culture=neutral, PublicKeyToken=null" name="YouTubeshort_VidID_Test" />
    </UnitTest>
    <UnitTest name="YouTube_VidID_Test" storage="c:\projects\projects\seesmic videopreview plugin\biggert.seesmic.videopreview\unittests\bin\debug\unittests.dll" id="462e535a-5f76-3cf4-c0dc-ccc7dbd9155a">
      <Execution id="73d25907-4bee-4cee-8af1-6f9f44cfa181" />
      <TestMethod codeBase="C:/Projects/Projects/Seesmic VideoPreview Plugin/Biggert.Seesmic.VideoPreview/UnitTests/bin/Debug/UnitTests.DLL" adapterTypeName="Microsoft.VisualStudio.TestTools.TestTypes.Unit.UnitTestAdapter, Microsoft.VisualStudio.QualityTools.Tips.UnitTest.Adapter, Version=10.0.0.0, Culture=neutral, PublicKeyToken=b03f5f7f11d50a3a" className="UnitTests.UnitTest1, UnitTests, Version=1.0.0.0, Culture=neutral, PublicKeyToken=null" name="YouTube_VidID_Test" />
    </UnitTest>
    <UnitTest name="Twitvid_URIRegEx_Test" storage="c:\projects\projects\seesmic videopreview plugin\biggert.seesmic.videopreview\unittests\bin\debug\unittests.dll" id="08b0a395-843e-7b08-5906-4b09506806ad">
      <Execution id="f20ee597-e6d3-40c9-b7a7-a220caf6e82f" />
      <TestMethod codeBase="C:/Projects/Projects/Seesmic VideoPreview Plugin/Biggert.Seesmic.VideoPreview/UnitTests/bin/Debug/UnitTests.DLL" adapterTypeName="Microsoft.VisualStudio.TestTools.TestTypes.Unit.UnitTestAdapter, Microsoft.VisualStudio.QualityTools.Tips.UnitTest.Adapter, Version=10.0.0.0, Culture=neutral, PublicKeyToken=b03f5f7f11d50a3a" className="UnitTests.UnitTest1, UnitTests, Version=1.0.0.0, Culture=neutral, PublicKeyToken=null" name="Twitvid_URIRegEx_Test" />
    </UnitTest>
    <UnitTest name="TwitVid_VidID_Test" storage="c:\projects\projects\seesmic videopreview plugin\biggert.seesmic.videopreview\unittests\bin\debug\unittests.dll" id="43d590c9-79f8-1bb3-bb25-658017893025">
      <Execution id="33331eac-776c-4820-9821-63dcde8f437a" />
      <TestMethod codeBase="C:/Projects/Projects/Seesmic VideoPreview Plugin/Biggert.Seesmic.VideoPreview/UnitTests/bin/Debug/UnitTests.DLL" adapterTypeName="Microsoft.VisualStudio.TestTools.TestTypes.Unit.UnitTestAdapter, Microsoft.VisualStudio.QualityTools.Tips.UnitTest.Adapter, Version=10.0.0.0, Culture=neutral, PublicKeyToken=b03f5f7f11d50a3a" className="UnitTests.UnitTest1, UnitTests, Version=1.0.0.0, Culture=neutral, PublicKeyToken=null" name="TwitVid_VidID_Test" />
    </UnitTest>
  </TestDefinitions>
  <TestLists>
    <TestList name="Results Not in a List" id="8c84fa94-04c1-424b-9868-57a2d4851a1d" />
    <TestList name="All Loaded Results" id="19431567-8539-422a-85d7-44ee4e166bda" />
  </TestLists>
  <TestEntries>
    <TestEntry testId="08b0a395-843e-7b08-5906-4b09506806ad" executionId="f20ee597-e6d3-40c9-b7a7-a220caf6e82f" testListId="8c84fa94-04c1-424b-9868-57a2d4851a1d" />
    <TestEntry testId="3133f1ed-74d7-9ef7-c7a0-7dde16055a41" executionId="86a2f0b2-8f79-451a-b610-f2c9744b7fb7" testListId="8c84fa94-04c1-424b-9868-57a2d4851a1d" />
    <TestEntry testId="43d590c9-79f8-1bb3-bb25-658017893025" executionId="33331eac-776c-4820-9821-63dcde8f437a" testListId="8c84fa94-04c1-424b-9868-57a2d4851a1d" />
    <TestEntry testId="462e535a-5f76-3cf4-c0dc-ccc7dbd9155a" executionId="73d25907-4bee-4cee-8af1-6f9f44cfa181" testListId="8c84fa94-04c1-424b-9868-57a2d4851a1d" />
    <TestEntry testId="8fac5282-02b1-eb62-9222-d3d8be394697" executionId="4f087dd2-0353-45f4-a7f6-06ba9ec4585c" testListId="8c84fa94-04c1-424b-9868-57a2d4851a1d" />
    <TestEntry testId="926bd3c9-c333-187c-c2a8-a597e1867e90" executionId="695de5dd-13b2-4f96-886d-bf52623cf18f" testListId="8c84fa94-04c1-424b-9868-57a2d4851a1d" />
    <TestEntry testId="cc19f64f-361f-74de-7dbe-e44b5dc86c9e" executionId="45b923fe-c9cb-4081-a63e-b91c027898ae" testListId="8c84fa94-04c1-424b-9868-57a2d4851a1d" />
    <TestEntry testId="ea431294-afd9-9007-19f1-6d13e349bf5b" executionId="c4d83bd1-f61c-480e-af60-e3acbedb570b" testListId="8c84fa94-04c1-424b-9868-57a2d4851a1d" />
  </TestEntries>
  <Results>
    <UnitTestResult executionId="f20ee597-e6d3-40c9-b7a7-a220caf6e82f" testId="08b0a395-843e-7b08-5906-4b09506806ad" testName="Twitvid_URIRegEx_Test" computerName="JOE-PDC" duration="00:00:00.6790388" startTime="2010-07-12T15:36:57.8504076-05:00" endTime="2010-07-12T15:36:58.5294464-05:00" testType="13cdc9d9-ddb5-4fa4-a97d-d965ccfc6d4b" outcome="Aborted" testListId="8c84fa94-04c1-424b-9868-57a2d4851a1d" relativeResultsDirectory="f20ee597-e6d3-40c9-b7a7-a220caf6e82f">
    </UnitTestResult>
    <UnitTestResult executionId="86a2f0b2-8f79-451a-b610-f2c9744b7fb7" testId="3133f1ed-74d7-9ef7-c7a0-7dde16055a41" testName="YouTubeshort_VidID_Test" computerName="JOE-PDC" testType="13cdc9d9-ddb5-4fa4-a97d-d965ccfc6d4b" outcome="NotExecuted" testListId="8c84fa94-04c1-424b-9868-57a2d4851a1d" relativeResultsDirectory="86a2f0b2-8f79-451a-b610-f2c9744b7fb7">
    </UnitTestResult>
    <UnitTestResult executionId="33331eac-776c-4820-9821-63dcde8f437a" testId="43d590c9-79f8-1bb3-bb25-658017893025" testName="TwitVid_VidID_Test" computerName="JOE-PDC" testType="13cdc9d9-ddb5-4fa4-a97d-d965ccfc6d4b" outcome="NotExecuted" testListId="8c84fa94-04c1-424b-9868-57a2d4851a1d" relativeResultsDirectory="33331eac-776c-4820-9821-63dcde8f437a">
    </UnitTestResult>
    <UnitTestResult executionId="73d25907-4bee-4cee-8af1-6f9f44cfa181" testId="462e535a-5f76-3cf4-c0dc-ccc7dbd9155a" testName="YouTube_VidID_Test" computerName="JOE-PDC" testType="13cdc9d9-ddb5-4fa4-a97d-d965ccfc6d4b" outcome="NotExecuted" testListId="8c84fa94-04c1-424b-9868-57a2d4851a1d" relativeResultsDirectory="73d25907-4bee-4cee-8af1-6f9f44cfa181">
    </UnitTestResult>
    <UnitTestResult executionId="4f087dd2-0353-45f4-a7f6-06ba9ec4585c" testId="8fac5282-02b1-eb62-9222-d3d8be394697" testName="YouTube_URIRegEx_Test" computerName="JOE-PDC" testType="13cdc9d9-ddb5-4fa4-a97d-d965ccfc6d4b" outcome="NotExecuted" testListId="8c84fa94-04c1-424b-9868-57a2d4851a1d" relativeResultsDirectory="4f087dd2-0353-45f4-a7f6-06ba9ec4585c">
    </UnitTestResult>
    <UnitTestResult executionId="695de5dd-13b2-4f96-886d-bf52623cf18f" testId="926bd3c9-c333-187c-c2a8-a597e1867e90" testName="YouTubeShort_URIRegEx_Test" computerName="JOE-PDC" testType="13cdc9d9-ddb5-4fa4-a97d-d965ccfc6d4b" outcome="NotExecuted" testListId="8c84fa94-04c1-424b-9868-57a2d4851a1d" relativeResultsDirectory="695de5dd-13b2-4f96-886d-bf52623cf18f">
    </UnitTestResult>
    <UnitTestResult executionId="45b923fe-c9cb-4081-a63e-b91c027898ae" testId="cc19f64f-361f-74de-7dbe-e44b5dc86c9e" testName="TwitVidWWW_VidID_Test" computerName="JOE-PDC" testType="13cdc9d9-ddb5-4fa4-a97d-d965ccfc6d4b" outcome="NotExecuted" testListId="8c84fa94-04c1-424b-9868-57a2d4851a1d" relativeResultsDirectory="45b923fe-c9cb-4081-a63e-b91c027898ae">
    </UnitTestResult>
    <UnitTestResult executionId="c4d83bd1-f61c-480e-af60-e3acbedb570b" testId="ea431294-afd9-9007-19f1-6d13e349bf5b" testName="TwitvidWWW_URIRegEx_Test" computerName="JOE-PDC" testType="13cdc9d9-ddb5-4fa4-a97d-d965ccfc6d4b" outcome="NotExecuted" testListId="8c84fa94-04c1-424b-9868-57a2d4851a1d" relativeResultsDirectory="c4d83bd1-f61c-480e-af60-e3acbedb570b">
    </UnitTestResult>
  </Results>
</TestRun>