<?xml version="1.0" encoding="UTF-8"?>
<TestRun id="9ce95b52-50ce-4dfb-a087-7ce27d97afb6" name="Joe@JOE-PDC 2010-07-12 15:35:33" runUser="Joe-PDC\Joe" xmlns="http://microsoft.com/schemas/VisualStudio/TeamTest/2010">
  <TestSettings name="Local" id="7657ee9f-6b13-4592-87be-03ca8606b8d6">
    <Description>These are default test settings for a local test run.</Description>
    <Deployment userDeploymentRoot="C:\Projects\Projects\Seesmic VideoPreview Plugin\Biggert.Seesmic.VideoPreview\TestResults" useDefaultDeploymentRoot="false" enabled="false" runDeploymentRoot="Joe_JOE-PDC 2010-07-12 15_35_33" />
    <Execution>
      <TestTypeSpecific />
      <AgentRule name="Execution Agents">
      </AgentRule>
    </Execution>
  </TestSettings>
  <Times creation="2010-07-12T15:35:33.4675811-05:00" queuing="2010-07-12T15:35:34.2456256-05:00" start="2010-07-12T15:35:34.3786333-05:00" finish="2010-07-12T15:35:35.5597008-05:00" />
  <ResultSummary outcome="Failed">
    <Counters total="2" executed="2" passed="1" error="0" failed="1" timeout="0" aborted="0" inconclusive="0" passedButRunAborted="0" notRunnable="0" notExecuted="0" disconnected="0" warning="0" completed="0" inProgress="0" pending="0" />
  </ResultSummary>
  <TestDefinitions>
    <UnitTest name="YouTube_URIRegEx_Test" storage="c:\projects\projects\seesmic videopreview plugin\biggert.seesmic.videopreview\unittests\bin\debug\unittests.dll" id="8fac5282-02b1-eb62-9222-d3d8be394697">
      <Execution id="e23d1516-72b2-49c7-8ee3-eee43e871d15" />
      <TestMethod codeBase="C:/Projects/Projects/Seesmic VideoPreview Plugin/Biggert.Seesmic.VideoPreview/UnitTests/bin/Debug/UnitTests.DLL" adapterTypeName="Microsoft.VisualStudio.TestTools.TestTypes.Unit.UnitTestAdapter, Microsoft.VisualStudio.QualityTools.Tips.UnitTest.Adapter, Version=10.0.0.0, Culture=neutral, PublicKeyToken=b03f5f7f11d50a3a" className="UnitTests.UnitTest1, UnitTests, Version=1.0.0.0, Culture=neutral, PublicKeyToken=null" name="YouTube_URIRegEx_Test" />
    </UnitTest>
    <UnitTest name="YouTubeshort_VidID_Test" storage="c:\projects\projects\seesmic videopreview plugin\biggert.seesmic.videopreview\unittests\bin\debug\unittests.dll" id="3133f1ed-74d7-9ef7-c7a0-7dde16055a41">
      <Execution id="df19a385-8154-4a58-9d96-5dd1650b0313" />
      <TestMethod codeBase="C:/Projects/Projects/Seesmic VideoPreview Plugin/Biggert.Seesmic.VideoPreview/UnitTests/bin/Debug/UnitTests.DLL" adapterTypeName="Microsoft.VisualStudio.TestTools.TestTypes.Unit.UnitTestAdapter, Microsoft.VisualStudio.QualityTools.Tips.UnitTest.Adapter, Version=10.0.0.0, Culture=neutral, PublicKeyToken=b03f5f7f11d50a3a" className="UnitTests.UnitTest1, UnitTests, Version=1.0.0.0, Culture=neutral, PublicKeyToken=null" name="YouTubeshort_VidID_Test" />
    </UnitTest>
  </TestDefinitions>
  <TestLists>
    <TestList name="Results Not in a List" id="8c84fa94-04c1-424b-9868-57a2d4851a1d" />
    <TestList name="All Loaded Results" id="19431567-8539-422a-85d7-44ee4e166bda" />
  </TestLists>
  <TestEntries>
    <TestEntry testId="3133f1ed-74d7-9ef7-c7a0-7dde16055a41" executionId="df19a385-8154-4a58-9d96-5dd1650b0313" testListId="8c84fa94-04c1-424b-9868-57a2d4851a1d" />
    <TestEntry testId="8fac5282-02b1-eb62-9222-d3d8be394697" executionId="e23d1516-72b2-49c7-8ee3-eee43e871d15" testListId="8c84fa94-04c1-424b-9868-57a2d4851a1d" />
  </TestEntries>
  <Results>
    <UnitTestResult executionId="df19a385-8154-4a58-9d96-5dd1650b0313" testId="3133f1ed-74d7-9ef7-c7a0-7dde16055a41" testName="YouTubeshort_VidID_Test" computerName="JOE-PDC" duration="00:00:00.0316907" startTime="2010-07-12T15:35:34.5366423-05:00" endTime="2010-07-12T15:35:35.4346937-05:00" testType="13cdc9d9-ddb5-4fa4-a97d-d965ccfc6d4b" outcome="Passed" testListId="8c84fa94-04c1-424b-9868-57a2d4851a1d" relativeResultsDirectory="df19a385-8154-4a58-9d96-5dd1650b0313">
    </UnitTestResult>
    <UnitTestResult executionId="e23d1516-72b2-49c7-8ee3-eee43e871d15" testId="8fac5282-02b1-eb62-9222-d3d8be394697" testName="YouTube_URIRegEx_Test" computerName="JOE-PDC" duration="00:00:00.0449663" startTime="2010-07-12T15:35:35.4386939-05:00" endTime="2010-07-12T15:35:35.5016975-05:00" testType="13cdc9d9-ddb5-4fa4-a97d-d965ccfc6d4b" outcome="Failed" testListId="8c84fa94-04c1-424b-9868-57a2d4851a1d" relativeResultsDirectory="e23d1516-72b2-49c7-8ee3-eee43e871d15">
      <Output>
        <ErrorInfo>
          <Message>Assert.IsTrue failed. </Message>
          <StackTrace>   at UnitTests.UnitTest1.YouTube_URIRegEx_Test() in C:\Projects\Projects\Seesmic VideoPreview Plugin\Biggert.Seesmic.VideoPreview\UnitTests\UnitTest1.cs:line 27
</StackTrace>
        </ErrorInfo>
      </Output>
    </UnitTestResult>
  </Results>
</TestRun>