<?xml version="1.0" encoding="UTF-8"?>
<TestRun id="a3745ddd-8a3a-4c77-b7cf-e32c4461a145" name="Joe@JOE-PDC 2011-07-14 13:10:57" runUser="Joe-PDC\Joe" xmlns="http://microsoft.com/schemas/VisualStudio/TeamTest/2010">
  <TestSettings name="Local" id="7657ee9f-6b13-4592-87be-03ca8606b8d6">
    <Description>These are default test settings for a local test run.</Description>
    <Deployment userDeploymentRoot="C:\Projects\Projects\Seesmic VideoPreview Plugin\Biggert.Seesmic.VideoPreview\TestResults" useDefaultDeploymentRoot="false" enabled="false" runDeploymentRoot="Joe_JOE-PDC 2011-07-14 13_10_57" />
    <Execution>
      <TestTypeSpecific />
      <AgentRule name="Execution Agents">
      </AgentRule>
    </Execution>
  </TestSettings>
  <Times creation="2011-07-14T13:10:57.5740480-05:00" queuing="2011-07-14T13:11:02.4093073-05:00" start="2011-07-14T13:11:02.9103359-05:00" finish="2011-07-14T13:11:37.1113607-05:00" />
  <ResultSummary outcome="Error">
    <Counters total="1" executed="1" error="0" failed="0" timeout="0" aborted="1" inconclusive="0" passedButRunAborted="0" notRunnable="0" notExecuted="0" disconnected="0" warning="0" passed="0" completed="0" inProgress="0" pending="0" />
    <RunInfos>
      <RunInfo computerName="JOE-PDC" outcome="Error" timestamp="2011-07-14T13:11:37.1113607-05:00">
        <Text>Test host process exited unexpectedly.</Text>
      </RunInfo>
    </RunInfos>
  </ResultSummary>
  <TestDefinitions>
    <UnitTest name="URI_Test" storage="c:\projects\projects\seesmic videopreview plugin\biggert.seesmic.videopreview\unittests\bin\release\unittests.dll" id="9c3691ad-4c8e-ba1b-c06e-6740cb70a957">
      <Execution id="a054cdd8-85df-4ece-8c76-d301ae3923ae" />
      <TestMethod codeBase="C:/Projects/Projects/Seesmic VideoPreview Plugin/Biggert.Seesmic.VideoPreview/UnitTests/bin/Release/UnitTests.DLL" adapterTypeName="Microsoft.VisualStudio.TestTools.TestTypes.Unit.UnitTestAdapter, Microsoft.VisualStudio.QualityTools.Tips.UnitTest.Adapter, Version=10.0.0.0, Culture=neutral, PublicKeyToken=b03f5f7f11d50a3a" className="UnitTests.UnitTest1, UnitTests, Version=1.0.0.0, Culture=neutral, PublicKeyToken=null" name="URI_Test" />
    </UnitTest>
  </TestDefinitions>
  <TestLists>
    <TestList name="Results Not in a List" id="8c84fa94-04c1-424b-9868-57a2d4851a1d" />
    <TestList name="All Loaded Results" id="19431567-8539-422a-85d7-44ee4e166bda" />
  </TestLists>
  <TestEntries>
    <TestEntry testId="9c3691ad-4c8e-ba1b-c06e-6740cb70a957" executionId="a054cdd8-85df-4ece-8c76-d301ae3923ae" testListId="8c84fa94-04c1-424b-9868-57a2d4851a1d" />
  </TestEntries>
  <Results>
    <UnitTestResult executionId="a054cdd8-85df-4ece-8c76-d301ae3923ae" testId="9c3691ad-4c8e-ba1b-c06e-6740cb70a957" testName="URI_Test" computerName="JOE-PDC" duration="00:00:33.8074074" startTime="2011-07-14T13:11:03.3039533-05:00" endTime="2011-07-14T13:11:37.1113607-05:00" testType="13cdc9d9-ddb5-4fa4-a97d-d965ccfc6d4b" outcome="Aborted" testListId="8c84fa94-04c1-424b-9868-57a2d4851a1d" relativeResultsDirectory="a054cdd8-85df-4ece-8c76-d301ae3923ae">
    </UnitTestResult>
  </Results>
</TestRun>